2026-02-15 17:58:46,539 - INFO - MOVE: /music/Music/Artist-Album/Calvin Harris/Motion (2014) FLAC/01 - Faith.flac -> /music/Library/Calvin Harris/Motion/1 - Faith.flac
2026-02-15 17:58:46,540 - INFO - MOVE: /music/Music/Artist-Album/Calvin Harris/Motion (2014) FLAC/02 - Under Control.flac -> /music/Library/Calvin Harris/Motion/2 - Under Control.flac
2026-02-15 17:58:46,541 - INFO - MOVE: /music/Music/Artist-Album/Calvin Harris/Motion (2014) FLAC/03 - Blame.flac -> /music/Library/Calvin Harris/Motion/3 - Blame.flac
2026-02-15 17:58:46,542 - INFO - MOVE: /music/Music/Artist-Album/Calvin Harris/Motion (2014) FLAC/04 - Love Now.flac -> /music/Library/Calvin Harris/Motion/4 - Love Now.flac
2026-02-15 17:58:46,544 - INFO - MOVE: /music/Music/Artist-Album/Calvin Harris/Motion (2014) FLAC/05 - Slow Acid.flac -> /music/Library/Calvin Harris/Motion/5 - Slow Acid.flac
2026-02-15 17:58:46,545 - INFO - MOVE: /music/Music/Artist-Album/Calvin Harris/Motion (2014) FLAC/06 - Outside.flac -> /music/Library/Calvin Harris/Motion/6 - Outside.flac
2026-02-15 17:58:46,546 - INFO - MOVE: /music/Music/Artist-Album/Calvin Harris/Motion (2014) FLAC/07 - It Was You.flac -> /music/Library/Calvin Harris/Motion/7 - It Was You.flac
2026-02-15 17:58:46,546 - INFO - MOVE: /music/Music/Artist-Album/Calvin Harris/Motion (2014) FLAC/08 - Summer.flac -> /music/Library/Calvin Harris/Motion/8 - Summer.flac
2026-02-15 17:58:46,547 - INFO - MOVE: /music/Music/Artist-Album/Calvin Harris/Motion (2014) FLAC/09 - Overdrive.flac -> /music/Library/Calvin Harris/Motion/9 - Overdrive.flac
2026-02-15 17:58:46,547 - INFO - MOVE: /music/Music/Artist-Album/Calvin Harris/Motion (2014) FLAC/10 - Ecstasy.flac -> /music/Library/Calvin Harris/Motion/10 - Ecstasy.flac
2026-02-15 17:58:46,548 - INFO - MOVE: /music/Music/Artist-Album/Calvin Harris/Motion (2014) FLAC/11 - Pray to God.flac -> /music/Library/Calvin Harris/Motion/11 - Pray to God.flac
2026-02-15 17:58:46,549 - INFO - MOVE: /music/Music/Artist-Album/Calvin Harris/Motion (2014) FLAC/12 - Open Wide.flac -> /music/Library/Calvin Harris/Motion/12 - Open Wide.flac
2026-02-15 17:58:46,549 - INFO - MOVE: /music/Music/Artist-Album/Calvin Harris/Motion (2014) FLAC/13 - Together.flac -> /music/Library/Calvin Harris/Motion/13 - Together.flac
2026-02-15 17:58:46,550 - INFO - MOVE: /music/Music/Artist-Album/Calvin Harris/Motion (2014) FLAC/14 - Burnin.flac -> /music/Library/Calvin Harris/Motion/14 - Burnin.flac
2026-02-15 17:58:46,550 - INFO - MOVE: /music/Music/Artist-Album/Calvin Harris/Motion (2014) FLAC/15 - Dollar Signs.flac -> /music/Library/Calvin Harris/Motion/15 - Dollar Signs.flac
2026-02-15 17:59:20,989 - INFO - MOVE: /music/Music/Artist-Album/Chumbawamba/Anarchy/01-Give The Anarchist A Cigarette.flac -> /music/Library/Chumbawamba/Anarchy/01 - Give The Anarchist A Cigarette.flac
2026-02-15 17:59:20,990 - INFO - MOVE: /music/Music/Artist-Album/Chumbawamba/Anarchy/02-Timebomb.flac -> /music/Library/Chumbawamba/Anarchy/02 - Timebomb.flac
2026-02-15 17:59:20,991 - INFO - MOVE: /music/Music/Artist-Album/Chumbawamba/Anarchy/03-Homophobia.flac -> /music/Library/Chumbawamba/Anarchy/03 - Homophobia.flac
2026-02-15 17:59:20,994 - INFO - MOVE: /music/Music/Artist-Album/Chumbawamba/Anarchy/04-On Being Pushed.flac -> /music/Library/Chumbawamba/Anarchy/04 - On Being Pushed.flac
2026-02-15 17:59:20,995 - INFO - MOVE: /music/Music/Artist-Album/Chumbawamba/Anarchy/05-Heaven,Hell.flac -> /music/Library/Chumbawamba/Anarchy/05 - HeavenHell.flac
2026-02-15 17:59:20,996 - INFO - MOVE: /music/Music/Artist-Album/Chumbawamba/Anarchy/06-Love Me.flac -> /music/Library/Chumbawamba/Anarchy/06 - Love Me.flac
2026-02-15 17:59:20,996 - INFO - MOVE: /music/Music/Artist-Album/Chumbawamba/Anarchy/07-Georgina.flac -> /music/Library/Chumbawamba/Anarchy/07 - Georgina.flac
2026-02-15 17:59:20,997 - INFO - MOVE: /music/Music/Artist-Album/Chumbawamba/Anarchy/08-Doh!.flac -> /music/Library/Chumbawamba/Anarchy/08 - Doh!.flac
2026-02-15 17:59:20,998 - INFO - MOVE: /music/Music/Artist-Album/Chumbawamba/Anarchy/09-Blackpool Rock.flac -> /music/Library/Chumbawamba/Anarchy/09 - Blackpool Rock.flac
2026-02-15 17:59:20,999 - INFO - MOVE: /music/Music/Artist-Album/Chumbawamba/Anarchy/10-This Year's Thing.flac -> /music/Library/Chumbawamba/Anarchy/10 - This Year's Thing.flac
2026-02-15 17:59:20,999 - INFO - MOVE: /music/Music/Artist-Album/Chumbawamba/Anarchy/11-Mouthful Of Shit.flac -> /music/Library/Chumbawamba/Anarchy/11 - Mouthful Of Shit.flac
2026-02-15 17:59:21,000 - INFO - MOVE: /music/Music/Artist-Album/Chumbawamba/Anarchy/12-Never Do What You Are Told.flac -> /music/Library/Chumbawamba/Anarchy/12 - Never Do What You Are Told.flac
2026-02-15 17:59:21,001 - INFO - MOVE: /music/Music/Artist-Album/Chumbawamba/Anarchy/13-Bad Dog.flac -> /music/Library/Chumbawamba/Anarchy/13 - Bad Dog.flac
2026-02-15 17:59:21,002 - INFO - MOVE: /music/Music/Artist-Album/Chumbawamba/Anarchy/14-Enough Is Enough.flac -> /music/Library/Chumbawamba/Anarchy/14 - Enough Is Enough.flac
2026-02-15 17:59:21,002 - INFO - MOVE: /music/Music/Artist-Album/Chumbawamba/Anarchy/15-Rage.flac -> /music/Library/Chumbawamba/Anarchy/15 - Rage.flac
2026-02-15 17:59:39,867 - INFO - MOVE: /music/Music/Artist-Album/Coldplay/A Rush Of Blood To The Head/Coldplay - 01 - Politik.mp3 -> /music/Library/Coldplay/A Rush of Blood to the Head/1 - Politik.mp3
2026-02-15 17:59:39,869 - INFO - MOVE: /music/Music/Artist-Album/Coldplay/A Rush Of Blood To The Head/Coldplay - 02 - In My Place.mp3 -> /music/Library/Coldplay/A Rush of Blood to the Head/2 - In My Place.mp3
2026-02-15 17:59:39,872 - INFO - MOVE: /music/Music/Artist-Album/Coldplay/A Rush Of Blood To The Head/Coldplay - 03 - God Put A Smile Upon Your Face.mp3 -> /music/Library/Coldplay/A Rush of Blood to the Head/3 - God Put A Smile Upon Your Face.mp3
2026-02-15 17:59:39,873 - INFO - MOVE: /music/Music/Artist-Album/Coldplay/A Rush Of Blood To The Head/Coldplay - 04 - The Scientist.mp3 -> /music/Library/Coldplay/A Rush of Blood to the Head/4 - The Scientist.mp3
2026-02-15 17:59:39,875 - INFO - MOVE: /music/Music/Artist-Album/Coldplay/A Rush Of Blood To The Head/Coldplay - 05 - Clocks.mp3 -> /music/Library/Coldplay/A Rush of Blood to the Head/5 - Clocks.mp3
2026-02-15 17:59:39,876 - INFO - MOVE: /music/Music/Artist-Album/Coldplay/A Rush Of Blood To The Head/Coldplay - 06 - Daylight.mp3 -> /music/Library/Coldplay/A Rush of Blood to the Head/6 - Daylight.mp3
2026-02-15 17:59:39,878 - INFO - MOVE: /music/Music/Artist-Album/Coldplay/A Rush Of Blood To The Head/Coldplay - 07 - Green Eyes.mp3 -> /music/Library/Coldplay/A Rush of Blood to the Head/7 - Green Eyes.mp3
2026-02-15 17:59:39,879 - INFO - MOVE: /music/Music/Artist-Album/Coldplay/A Rush Of Blood To The Head/Coldplay - 08 - Warning Sign.mp3 -> /music/Library/Coldplay/A Rush of Blood to the Head/8 - Warning Sign.mp3
2026-02-15 17:59:39,880 - INFO - MOVE: /music/Music/Artist-Album/Coldplay/A Rush Of Blood To The Head/Coldplay - 09 - A Whisper.mp3 -> /music/Library/Coldplay/A Rush of Blood to the Head/9 - A Whisper.mp3
2026-02-15 17:59:39,882 - INFO - MOVE: /music/Music/Artist-Album/Coldplay/A Rush Of Blood To The Head/Coldplay - 10 - A Rush Of Blood To The Head.mp3 -> /music/Library/Coldplay/A Rush of Blood to the Head/10 - A Rush Of Blood To The Head.mp3
2026-02-15 17:59:39,884 - INFO - MOVE: /music/Music/Artist-Album/Coldplay/A Rush Of Blood To The Head/Coldplay - 11 - Amsterdam.mp3 -> /music/Library/Coldplay/A Rush of Blood to the Head/11 - Amsterdam.mp3
2026-02-15 18:01:41,265 - INFO - MOVE: /music/Music/Artist-Album/Coldplay/Coldplay_-_A_Head_Full_Of_Dreams-WEB-2015-HB_INT/01_coldplay_-_a_head_full_of_dreams.mp3 -> /music/Library/Coldplay/A Head Full Of Dreams/1 - A Head Full Of Dreams.mp3
2026-02-15 18:01:41,269 - INFO - MOVE: /music/Music/Artist-Album/Coldplay/Coldplay_-_A_Head_Full_Of_Dreams-WEB-2015-HB_INT/02_coldplay_-_birds.mp3 -> /music/Library/Coldplay/A Head Full Of Dreams/2 - Birds.mp3
2026-02-15 18:01:41,274 - INFO - MOVE: /music/Music/Artist-Album/Coldplay/Coldplay_-_A_Head_Full_Of_Dreams-WEB-2015-HB_INT/03_coldplay_ft._beyonce_-_hymn_for_the_weekend.mp3 -> /music/Library/Coldplay Ft. Beyoncé/A Head Full Of Dreams/3 - Hymn For The Weekend.mp3
2026-02-15 18:01:41,277 - INFO - MOVE: /music/Music/Artist-Album/Coldplay/Coldplay_-_A_Head_Full_Of_Dreams-WEB-2015-HB_INT/04_coldplay_-_everglow.mp3 -> /music/Library/Coldplay/A Head Full Of Dreams/4 - Everglow.mp3
2026-02-15 18:01:41,280 - INFO - MOVE: /music/Music/Artist-Album/Coldplay/Coldplay_-_A_Head_Full_Of_Dreams-WEB-2015-HB_INT/05_coldplay_-_adventure_of_a_lifetime.mp3 -> /music/Library/Coldplay/A Head Full Of Dreams/5 - Adventure Of A Lifetime.mp3
2026-02-15 18:01:41,282 - INFO - MOVE: /music/Music/Artist-Album/Coldplay/Coldplay_-_A_Head_Full_Of_Dreams-WEB-2015-HB_INT/06_coldplay_ft._tove_lo_-_fun.mp3 -> /music/Library/Coldplay Ft. Tove Lo/A Head Full Of Dreams/6 - Fun.mp3
2026-02-15 18:01:41,285 - INFO - MOVE: /music/Music/Artist-Album/Coldplay/Coldplay_-_A_Head_Full_Of_Dreams-WEB-2015-HB_INT/07_coldplay_-_kaleidoscope.mp3 -> /music/Library/Coldplay/A Head Full Of Dreams/7 - Kaleidoscope.mp3
2026-02-15 18:01:41,288 - INFO - MOVE: /music/Music/Artist-Album/Coldplay/Coldplay_-_A_Head_Full_Of_Dreams-WEB-2015-HB_INT/08_coldplay_-_army_of_one_(incl._x_marks_the_spot).mp3 -> /music/Library/Coldplay/A Head Full Of Dreams/8 - Army Of One (Incl. X Marks The Spot).mp3
2026-02-15 18:01:41,290 - INFO - MOVE: /music/Music/Artist-Album/Coldplay/Coldplay_-_A_Head_Full_Of_Dreams-WEB-2015-HB_INT/09_coldplay_-_amazing_day.mp3 -> /music/Library/Coldplay/A Head Full Of Dreams/9 - Amazing Day.mp3
2026-02-15 18:01:41,293 - INFO - MOVE: /music/Music/Artist-Album/Coldplay/Coldplay_-_A_Head_Full_Of_Dreams-WEB-2015-HB_INT/10_coldplay_-_colour_spectrum.mp3 -> /music/Library/Coldplay/A Head Full Of Dreams/10 - Colour Spectrum.mp3
2026-02-15 18:01:41,295 - INFO - MOVE: /music/Music/Artist-Album/Coldplay/Coldplay_-_A_Head_Full_Of_Dreams-WEB-2015-HB_INT/11_coldplay_-_up_and_up.mp3 -> /music/Library/Coldplay/A Head Full Of Dreams/11 - Up & Up.mp3
2026-02-15 18:01:54,111 - INFO - MOVE: /music/Music/Artist-Album/Coldplay/Parachutes/Coldplay - 01 - Don't Panic.Mp3 -> /music/Library/Coldplay/Parachutes/01 - Don't Panic.mp3
2026-02-15 18:01:54,113 - INFO - MOVE: /music/Music/Artist-Album/Coldplay/Parachutes/Coldplay - 02 - Shiver.Mp3 -> /music/Library/Coldplay/Parachutes/02 - Shiver.mp3
2026-02-15 18:01:54,114 - INFO - MOVE: /music/Music/Artist-Album/Coldplay/Parachutes/Coldplay - 03 - Spies.Mp3 -> /music/Library/Coldplay/Parachutes/03 - Spies.mp3
2026-02-15 18:01:54,115 - INFO - MOVE: /music/Music/Artist-Album/Coldplay/Parachutes/Coldplay - 04 - Sparks.Mp3 -> /music/Library/Coldplay/Parachutes/04 - Sparks.mp3
2026-02-15 18:01:54,117 - INFO - MOVE: /music/Music/Artist-Album/Coldplay/Parachutes/Coldplay - 05 - Yellow.Mp3 -> /music/Library/Coldplay/Parachutes/05 - Yellow.mp3
2026-02-15 18:01:54,118 - INFO - MOVE: /music/Music/Artist-Album/Coldplay/Parachutes/Coldplay - 06 - Trouble.Mp3 -> /music/Library/Coldplay/Parachutes/06 - Trouble.mp3
2026-02-15 18:01:54,120 - INFO - MOVE: /music/Music/Artist-Album/Coldplay/Parachutes/Coldplay - 07 - Parachutes.Mp3 -> /music/Library/Coldplay/Parachutes/07 - Parachutes.mp3
2026-02-15 18:01:54,123 - INFO - MOVE: /music/Music/Artist-Album/Coldplay/Parachutes/Coldplay - 08 - High Speed.Mp3 -> /music/Library/Coldplay/Parachutes/08 - High Speed.mp3
2026-02-15 18:01:54,125 - INFO - MOVE: /music/Music/Artist-Album/Coldplay/Parachutes/Coldplay - 09 - We Never Change.Mp3 -> /music/Library/Coldplay/Parachutes/09 - We Never Change.mp3
2026-02-15 18:01:54,127 - INFO - MOVE: /music/Music/Artist-Album/Coldplay/Parachutes/Coldplay - 10 - Everything's Not Lost.Mp3 -> /music/Library/Coldplay/Parachutes/10 - Everything's Not Lost.mp3
2026-02-15 18:02:11,791 - INFO - MOVE: /music/Music/Artist-Album/Coldplay/X&Y/Coldplay - 01 - Square One.mp3 -> /music/Library/Coldplay/X&Y/1 - Square One.mp3
2026-02-15 18:02:11,793 - INFO - MOVE: /music/Music/Artist-Album/Coldplay/X&Y/Coldplay - 02 - What If.mp3 -> /music/Library/Coldplay/X&Y/2 - What If.mp3
2026-02-15 18:02:11,797 - INFO - MOVE: /music/Music/Artist-Album/Coldplay/X&Y/Coldplay - 03 - White Shadows.mp3 -> /music/Library/Coldplay/X&Y/3 - White Shadows.mp3
2026-02-15 18:02:11,798 - INFO - MOVE: /music/Music/Artist-Album/Coldplay/X&Y/Coldplay - 04 - Fix You.mp3 -> /music/Library/Coldplay/X&Y/4 - Fix You.mp3
2026-02-15 18:02:11,799 - INFO - MOVE: /music/Music/Artist-Album/Coldplay/X&Y/Coldplay - 05 - Talk.mp3 -> /music/Library/Coldplay/X&Y/5 - Talk.mp3
2026-02-15 18:02:11,801 - INFO - MOVE: /music/Music/Artist-Album/Coldplay/X&Y/Coldplay - 06 - X&Y.mp3 -> /music/Library/Coldplay/X&Y/6 - X&Y.mp3
2026-02-15 18:02:11,802 - INFO - MOVE: /music/Music/Artist-Album/Coldplay/X&Y/Coldplay - 07 - Speed Of Sound.mp3 -> /music/Library/Coldplay/X&Y/7 - Speed Of Sound.mp3
2026-02-15 18:02:11,804 - INFO - MOVE: /music/Music/Artist-Album/Coldplay/X&Y/Coldplay - 08 - A Message.mp3 -> /music/Library/Coldplay/X&Y/8 - Message.mp3
2026-02-15 18:02:11,805 - INFO - MOVE: /music/Music/Artist-Album/Coldplay/X&Y/Coldplay - 09 - Low.mp3 -> /music/Library/Coldplay/X&Y/9 - Low.mp3
2026-02-15 18:02:11,806 - INFO - MOVE: /music/Music/Artist-Album/Coldplay/X&Y/Coldplay - 10 - The Hardest Part.mp3 -> /music/Library/Coldplay/X&Y/10 - Hardest Part.mp3
2026-02-15 18:02:11,808 - INFO - MOVE: /music/Music/Artist-Album/Coldplay/X&Y/Coldplay - 11 - Swallowed In The Sea.mp3 -> /music/Library/Coldplay/X&Y/11 - Swallowed In The Sea.mp3
2026-02-15 18:02:11,809 - INFO - MOVE: /music/Music/Artist-Album/Coldplay/X&Y/Coldplay - 12 - Twisted Logic.mp3 -> /music/Library/Coldplay/X&Y/12 - Twisted Logic.mp3
2026-02-15 18:02:11,810 - INFO - MOVE: /music/Music/Artist-Album/Coldplay/X&Y/Coldplay - 13 - Til Kingdom Come (Hidden Track).mp3 -> /music/Library/Coldplay/X&Y/13 - Til Kingdom Come (Hidden Track).mp3
2026-02-15 18:02:36,638 - INFO - MOVE: /music/Music/Artist-Album/Darren Styles/Skydivin [2008]/101  Darren Styles - Flashlight.mp3 -> /music/Library/Darren Styles/Skydivin' [CD1]/1 - Flashlight.mp3
2026-02-15 18:02:36,640 - INFO - MOVE: /music/Music/Artist-Album/Darren Styles/Skydivin [2008]/102  Darren Styles - Come Running.mp3 -> /music/Library/Darren Styles/Skydivin' [CD1]/2 - Come Running.mp3
2026-02-15 18:02:36,643 - INFO - MOVE: /music/Music/Artist-Album/Darren Styles/Skydivin [2008]/103  Darren Styles - Getting Better.mp3 -> /music/Library/Darren Styles/Skydivin' [CD1]/3 - Getting Better.mp3
2026-02-15 18:02:36,644 - INFO - MOVE: /music/Music/Artist-Album/Darren Styles/Skydivin [2008]/104  Darren Styles - Disco Lights [With Ultrabeat].mp3 -> /music/Library/Darren Styles/Skydivin' [CD1]/4 - Disco Lights [With Ultrabeat].mp3
2026-02-15 18:02:36,646 - INFO - MOVE: /music/Music/Artist-Album/Darren Styles/Skydivin [2008]/105  Darren Styles - Save Me.mp3 -> /music/Library/Darren Styles/Skydivin' [CD1]/5 - Save Me.mp3
2026-02-15 18:02:36,646 - INFO - MOVE: /music/Music/Artist-Album/Darren Styles/Skydivin [2008]/106  Darren Styles - Baby I'll Let You Know.mp3 -> /music/Library/Darren Styles/Skydivin' [CD1]/6 - Baby I'll Let You Know.mp3
2026-02-15 18:02:36,647 - INFO - MOVE: /music/Music/Artist-Album/Darren Styles/Skydivin [2008]/107  Darren Styles - I Say I Love You.mp3 -> /music/Library/Darren Styles/Skydivin' [CD1]/7 - I Say I Love You.mp3
2026-02-15 18:02:36,648 - INFO - MOVE: /music/Music/Artist-Album/Darren Styles/Skydivin [2008]/108  Darren Styles - Drop Zone.mp3 -> /music/Library/Darren Styles/Skydivin' [CD1]/8 - Drop Zone.mp3
2026-02-15 18:02:36,649 - INFO - MOVE: /music/Music/Artist-Album/Darren Styles/Skydivin [2008]/109  Darren Styles - Show Me The Sunshine.mp3 -> /music/Library/Darren Styles/Skydivin' [CD1]/9 - Show Me The Sunshine.mp3
2026-02-15 18:02:36,650 - INFO - MOVE: /music/Music/Artist-Album/Darren Styles/Skydivin [2008]/110  Darren Styles - Skydivin'.mp3 -> /music/Library/Darren Styles/Skydivin' [CD1]/10 - Skydivin'.mp3
2026-02-15 18:02:36,651 - INFO - MOVE: /music/Music/Artist-Album/Darren Styles/Skydivin [2008]/111  Darren Styles - Jealous.mp3 -> /music/Library/Darren Styles/Skydivin' [CD1]/11 - Jealous.mp3
2026-02-15 18:02:36,652 - INFO - MOVE: /music/Music/Artist-Album/Darren Styles/Skydivin [2008]/112  Darren Styles - Just Easy [Ft. Whizzkid].mp3 -> /music/Library/Darren Styles/Skydivin' [CD1]/12 - Just Easy [Ft. Whizzkid].mp3
2026-02-15 18:02:36,653 - INFO - MOVE: /music/Music/Artist-Album/Darren Styles/Skydivin [2008]/113  Darren Styles - Cutting Deep.mp3 -> /music/Library/Darren Styles/Skydivin' [CD1]/13 - Cutting Deep.mp3
2026-02-15 18:02:36,654 - INFO - MOVE: /music/Music/Artist-Album/Darren Styles/Skydivin [2008]/114  Darren Styles - Lost The Plot.mp3 -> /music/Library/Darren Styles/Skydivin' [CD1]/14 - Lost The Plot.mp3
2026-02-15 18:02:36,655 - INFO - MOVE: /music/Music/Artist-Album/Darren Styles/Skydivin [2008]/115  Darren Styles - Slide Away [Styles And Breeze].mp3 -> /music/Library/Darren Styles/Skydivin' [CD1]/15 - Slide Away [Styles And Breeze].mp3
2026-02-15 18:02:36,656 - INFO - MOVE: /music/Music/Artist-Album/Darren Styles/Skydivin [2008]/116  Darren Styles - Different Groove.mp3 -> /music/Library/Darren Styles/Skydivin' [CD1]/16 - Different Groove.mp3
2026-02-15 18:02:36,657 - INFO - MOVE: /music/Music/Artist-Album/Darren Styles/Skydivin [2008]/117  Darren Styles - Feel Love.mp3 -> /music/Library/Darren Styles/Skydivin' [CD1]/17 - Feel Love.mp3
2026-02-15 18:02:36,658 - INFO - MOVE: /music/Music/Artist-Album/Darren Styles/Skydivin [2008]/201  Darren Styles - Right By Your Side [With N Force].mp3 -> /music/Library/Darren Styles/Skydivin' [CD2]/1 - Right By Your Side [With N Force].mp3
2026-02-15 18:02:36,659 - INFO - MOVE: /music/Music/Artist-Album/Darren Styles/Skydivin [2008]/202  Darren Styles - Save Me [Nitelite].mp3 -> /music/Library/Darren Styles/Skydivin' [CD2]/2 - Save Me [Nitelite].mp3
2026-02-15 18:02:36,660 - INFO - MOVE: /music/Music/Artist-Album/Darren Styles/Skydivin [2008]/203  Darren Styles - Tell Me.mp3 -> /music/Library/Darren Styles/Skydivin' [CD2]/3 - Tell Me.mp3
2026-02-15 18:02:36,661 - INFO - MOVE: /music/Music/Artist-Album/Darren Styles/Skydivin [2008]/204  Darren Styles - Girls Like You [Fugitive Sexy Crazy Edit].mp3 -> /music/Library/Darren Styles/Skydivin' [CD2]/4 - Girls Like You [Fugitive Sexy Crazy Edit].mp3
2026-02-15 18:02:36,662 - INFO - MOVE: /music/Music/Artist-Album/Darren Styles/Skydivin [2008]/205  Darren Styles - I Need You.mp3 -> /music/Library/Darren Styles/Skydivin' [CD2]/5 - I Need You.mp3
2026-02-15 18:02:36,663 - INFO - MOVE: /music/Music/Artist-Album/Darren Styles/Skydivin [2008]/206  Darren Styles - Sure Feels Good [With Ultrabeat].mp3 -> /music/Library/Darren Styles/Skydivin' [CD2]/6 - Sure Feels Good [With Ultrabeat].mp3
2026-02-15 18:02:36,664 - INFO - MOVE: /music/Music/Artist-Album/Darren Styles/Skydivin [2008]/207  Darren Styles - Heartbeatz [Styles And Breeze].mp3 -> /music/Library/Darren Styles/Skydivin' [CD2]/7 - Heartbeatz [Styles And Breeze].mp3
2026-02-15 18:02:36,666 - INFO - MOVE: /music/Music/Artist-Album/Darren Styles/Skydivin [2008]/208  Darren Styles - Blow Me Away.mp3 -> /music/Library/Darren Styles/Skydivin' [CD2]/8 - Blow Me Away.mp3
2026-02-15 18:02:36,667 - INFO - MOVE: /music/Music/Artist-Album/Darren Styles/Skydivin [2008]/209  Darren Styles - Skydivin' [Fugitive Edit].mp3 -> /music/Library/Darren Styles/Skydivin' [CD2]/9 - Skydivin' [Fugitive Edit].mp3
2026-02-15 18:02:36,668 - INFO - MOVE: /music/Music/Artist-Album/Darren Styles/Skydivin [2008]/210  Darren Styles - You're Shining [Styles And Breeze].mp3 -> /music/Library/Darren Styles/Skydivin' [CD2]/10 - You're Shining [Styles And Breeze].mp3
2026-02-15 18:02:36,669 - INFO - MOVE: /music/Music/Artist-Album/Darren Styles/Skydivin [2008]/211  Darren Styles - Feel Love [Nitelite].mp3 -> /music/Library/Darren Styles/Skydivin' [CD2]/11 - Feel Love [Nitelite].mp3
2026-02-15 18:02:36,670 - INFO - MOVE: /music/Music/Artist-Album/Darren Styles/Skydivin [2008]/212  Darren Styles - Paradise And Dreams [With Ultrabeat].mp3 -> /music/Library/Darren Styles/Skydivin' [CD2]/12 - Paradise And Dreams [With Ultrabeat].mp3
2026-02-15 18:02:36,671 - INFO - MOVE: /music/Music/Artist-Album/Darren Styles/Skydivin [2008]/213  Darren Styles - You're My Angel [Styles And Breeze].mp3 -> /music/Library/Darren Styles/Skydivin' [CD2]/13 - You're My Angel [Styles And Breeze].mp3
2026-02-15 18:04:47,351 - INFO - MOVE: /music/Music/Artist-Album/David Guetta/Nothing But The Beat/CD 1/01 Where Them Girls At - Feat. Flo Rida & Nicki Minaj.mp3 -> /music/Library/David Guetta/Nothing But the Beat/1 - Where Them Girls At - Feat. Flo Rida & Nicki Minaj.mp3
2026-02-15 18:04:47,355 - INFO - MOVE: /music/Music/Artist-Album/David Guetta/Nothing But The Beat/CD 1/02 Little Bad Girl - Feat.Taio Cruz & Ludacris.mp3 -> /music/Library/David Guetta/Nothing But the Beat/2 - Little Bad Girl - Feat.Taio Cruz & Ludacris.mp3
2026-02-15 18:04:47,358 - INFO - MOVE: /music/Music/Artist-Album/David Guetta/Nothing But The Beat/CD 1/03 Turn Me On - Feat. Nicki Minaj.mp3 -> /music/Library/David Guetta/Nothing But the Beat/3 - Turn Me On - Feat. Nicki Minaj.mp3
2026-02-15 18:04:47,361 - INFO - MOVE: /music/Music/Artist-Album/David Guetta/Nothing But The Beat/CD 1/04 Sweat - Snoop Dogg vs David Guetta.mp3 -> /music/Library/David Guetta/Nothing But the Beat/4 - Sweat - Snoop Dogg vs David Guetta.mp3
2026-02-15 18:04:47,364 - INFO - MOVE: /music/Music/Artist-Album/David Guetta/Nothing But The Beat/CD 1/05 Without U - Feat. Usher.mp3 -> /music/Library/David Guetta/Nothing But the Beat/5 - Without U - Feat. Usher.mp3
2026-02-15 18:04:47,367 - INFO - MOVE: /music/Music/Artist-Album/David Guetta/Nothing But The Beat/CD 1/06 Nothing Really Matters - Feat. Will.I.Am.mp3 -> /music/Library/David Guetta/Nothing But the Beat/6 - Nothing Really Matters - Feat. Will.I.Am.mp3
2026-02-15 18:04:47,370 - INFO - MOVE: /music/Music/Artist-Album/David Guetta/Nothing But The Beat/CD 1/07 I Can Only Imagine - Feat. Chris Brown & Lil Wayne.mp3 -> /music/Library/David Guetta/Nothing But the Beat/7 - I Can Only Imagine - Feat. Chris Brown & Lil Wayne.mp3
2026-02-15 18:04:47,372 - INFO - MOVE: /music/Music/Artist-Album/David Guetta/Nothing But The Beat/CD 1/08 Crank It Up - Feat. Akon.mp3 -> /music/Library/David Guetta/Nothing But the Beat/8 - Crank It Up - Feat. Akon.mp3
2026-02-15 18:04:47,375 - INFO - MOVE: /music/Music/Artist-Album/David Guetta/Nothing But The Beat/CD 1/09 I Just Wanna F- Feat. Timbaland & Dev.mp3 -> /music/Library/David Guetta/Nothing But the Beat/9 - I Just Wanna F- Feat. Timbaland & Dev.mp3
2026-02-15 18:04:47,378 - INFO - MOVE: /music/Music/Artist-Album/David Guetta/Nothing But The Beat/CD 1/10 Night Of Your Life - Feat. Jennifer Hudson.mp3 -> /music/Library/David Guetta/Nothing But the Beat/10 - Night Of Your Life - Feat. Jennifer Hudson.mp3
2026-02-15 18:04:47,381 - INFO - MOVE: /music/Music/Artist-Album/David Guetta/Nothing But The Beat/CD 1/11 Repeat - Feat. Jessie J..mp3 -> /music/Library/David Guetta/Nothing But the Beat/11 - Repeat - Feat. Jessie J..mp3
2026-02-15 18:04:47,384 - INFO - MOVE: /music/Music/Artist-Album/David Guetta/Nothing But The Beat/CD 1/12 Titanium - Feat. Sia.mp3 -> /music/Library/David Guetta/Nothing But the Beat/12 - Titanium - Feat. Sia.mp3
2026-02-15 18:04:47,385 - INFO - HOUSEKEEPING: Removed empty folder /music/Music/Artist-Album/David Guetta/Nothing But The Beat/CD 1
2026-02-15 18:04:57,846 - INFO - MOVE: /music/Music/Artist-Album/David Guetta/Nothing But The Beat/CD 2/01 The Alphabeat.mp3 -> /music/Library/David Guetta/Nothing But the Beat/13 - The Alphabeat.mp3
2026-02-15 18:04:57,850 - INFO - MOVE: /music/Music/Artist-Album/David Guetta/Nothing But The Beat/CD 2/02 Lunar (David Guetta & Afrojack).mp3 -> /music/Library/David Guetta/Nothing But the Beat/14 - Lunar (David Guetta & Afrojack).mp3
2026-02-15 18:04:57,852 - INFO - MOVE: /music/Music/Artist-Album/David Guetta/Nothing But The Beat/CD 2/03 Sunshine (David Guetta & Avicii).mp3 -> /music/Library/David Guetta/Nothing But the Beat/15 - Sunshine (David Guetta & Avicii).mp3
2026-02-15 18:04:57,855 - INFO - MOVE: /music/Music/Artist-Album/David Guetta/Nothing But The Beat/CD 2/04 Little Bad Girl (Instrumental Edit).mp3 -> /music/Library/David Guetta/Nothing But the Beat/16 - Little Bad Girl (Instrumental Edit).mp3
2026-02-15 18:04:57,858 - INFO - MOVE: /music/Music/Artist-Album/David Guetta/Nothing But The Beat/CD 2/05 Metro Music.mp3 -> /music/Library/David Guetta/Nothing But the Beat/17 - Metro Music.mp3
2026-02-15 18:04:57,860 - INFO - MOVE: /music/Music/Artist-Album/David Guetta/Nothing But The Beat/CD 2/06 Toy Story.mp3 -> /music/Library/David Guetta/Nothing But the Beat/18 - Toy Story.mp3
2026-02-15 18:04:57,863 - INFO - MOVE: /music/Music/Artist-Album/David Guetta/Nothing But The Beat/CD 2/07 The Future.mp3 -> /music/Library/David Guetta/Nothing But the Beat/19 - The Future.mp3
2026-02-15 18:04:57,865 - INFO - MOVE: /music/Music/Artist-Album/David Guetta/Nothing But The Beat/CD 2/08 Dreams.mp3 -> /music/Library/David Guetta/Nothing But the Beat/20 - Dreams.mp3
2026-02-15 18:04:57,868 - INFO - MOVE: /music/Music/Artist-Album/David Guetta/Nothing But The Beat/CD 2/09 Paris.mp3 -> /music/Library/David Guetta/Nothing But the Beat/21 - Paris.mp3
2026-02-15 18:04:57,871 - INFO - MOVE: /music/Music/Artist-Album/David Guetta/Nothing But The Beat/CD 2/10 Glasgow.mp3 -> /music/Library/David Guetta/Nothing But the Beat/22 - Glasgow.mp3
2026-02-15 18:04:57,871 - INFO - HOUSEKEEPING: Removed empty folder /music/Music/Artist-Album/David Guetta/Nothing But The Beat/CD 2
2026-02-15 18:05:29,916 - INFO - MOVE: /music/Music/Artist-Album/David Guetta/One Love/Choose_Featuring_Ne-Yo_Kelly_Rowland.mp3 -> /music/Library/David Guetta/One Love/8 - Choose (Featuring Ne-Yo & Kelly Rowland).mp3
2026-02-15 18:05:29,918 - INFO - MOVE: /music/Music/Artist-Album/David Guetta/One Love/Gettin_Over_Featuring_Chris_Willis.mp3 -> /music/Library/David Guetta/One Love/2 - Gettin' Over (Featuring Chris Willis).mp3
2026-02-15 18:05:29,920 - INFO - MOVE: /music/Music/Artist-Album/David Guetta/One Love/Gettin_Over_You_Featuring_Fergie_LMFAO.mp3 -> /music/Library/David Guetta - Chris Willis - Fergie/One Love/16 - Gettin' Over You (Featuring Fergie & LMFAO).mp3
2026-02-15 18:05:29,921 - INFO - MOVE: /music/Music/Artist-Album/David Guetta/One Love/How_Soon_Is_Now_Dirty_South_Featuring_Julie_McKnight.mp3 -> /music/Library/David Guetta/One Love/9 - How Soon Is Now (Dirty South;Featuring Julie McKnight).mp3
2026-02-15 18:05:29,923 - INFO - MOVE: /music/Music/Artist-Album/David Guetta/One Love/I_Gotta_Feeling_FMIF_Remix_Edit.mp3 -> /music/Library/The Black Eyed Peas/One Love/10 - I Gotta Feeling (FMIF Remix Edit).mp3
2026-02-15 18:05:29,925 - INFO - MOVE: /music/Music/Artist-Album/David Guetta/One Love/I_Wanna_Go_Crazy_Featuring_Will.I.Am.mp3 -> /music/Library/David Guetta/One Love/12 - I Wanna Go Crazy (Featuring Will.I.Am).mp3
2026-02-15 18:05:29,926 - INFO - MOVE: /music/Music/Artist-Album/David Guetta/One Love/If_We_Ever_Featuring_Makeba.mp3 -> /music/Library/David Guetta/One Love/15 - If We Ever (Featuring Makeba).mp3
2026-02-15 18:05:29,928 - INFO - MOVE: /music/Music/Artist-Album/David Guetta/One Love/It_s_The_Way_You_Love_Me_Featuring_Kelly_Rowland.mp3 -> /music/Library/David Guetta/One Love/6 - It 's The Way You Love Me (Featuring Kelly Rowland).mp3
2026-02-15 18:05:29,929 - INFO - MOVE: /music/Music/Artist-Album/David Guetta/One Love/Memories_Featuring_Kid_Cudi.mp3 -> /music/Library/David Guetta/One Love/4 - Memories (Featuring Kid Cudi).mp3
2026-02-15 18:05:29,930 - INFO - MOVE: /music/Music/Artist-Album/David Guetta/One Love/Missing_You_Featuring_Novel.mp3 -> /music/Library/David Guetta/One Love/7 - Missing You (Featuring Novel).mp3
2026-02-15 18:05:29,931 - INFO - MOVE: /music/Music/Artist-Album/David Guetta/One Love/On_The_Dancefloor_Featuring_Will_I_Am_Apl_De_Ap.mp3 -> /music/Library/David Guetta/One Love/5 - On The Dancefloor (Featuring Will I Am & Apl De Ap).mp3
2026-02-15 18:05:29,933 - INFO - MOVE: /music/Music/Artist-Album/David Guetta/One Love/One_Love_Featuring_Estelle.mp3 -> /music/Library/David Guetta/One Love/11 - One Love (Featuring Estelle).mp3
2026-02-15 18:05:29,934 - INFO - MOVE: /music/Music/Artist-Album/David Guetta/One Love/Sexy_Bitch_Featuring_Akon_explicit.mp3 -> /music/Library/David Guetta/One Love/3 - Sexy Bitch (Featuring Akon;explicit).mp3
2026-02-15 18:05:29,935 - INFO - MOVE: /music/Music/Artist-Album/David Guetta/One Love/Sound_Of_Letting_Go_Featuring_Chris_Willis.mp3 -> /music/Library/David Guetta/One Love/13 - Sound Of Letting Go (Featuring Chris Willis).mp3
2026-02-15 18:05:29,936 - INFO - MOVE: /music/Music/Artist-Album/David Guetta/One Love/Toyfriend_Featuring_Wynter_Gordon.mp3 -> /music/Library/David Guetta/One Love/14 - Toyfriend (Featuring Wynter Gordon).mp3
2026-02-15 18:05:29,937 - INFO - MOVE: /music/Music/Artist-Album/David Guetta/One Love/When_Love_Takes_Over_Feat._Kelly_Rowland.mp3 -> /music/Library/David Guetta/One Love/1 - When Love Takes Over (Feat. Kelly Rowland).mp3
2026-02-15 18:09:53,797 - INFO - MOVE: /music/Music/Artist-Album/De La Soul/3 Feet High And Rising/De La Soul - 3 Feet High And Rising - 01 - Intro.mp3 -> /music/Library/De La Soul/3 Feet High And Rising/01 - Intro.mp3
2026-02-15 18:09:53,799 - INFO - MOVE: /music/Music/Artist-Album/De La Soul/3 Feet High And Rising/De La Soul - 3 Feet High And Rising - 02 - The Magic Number.mp3 -> /music/Library/De La Soul/3 Feet High And Rising/02 - The Magic Number.mp3
2026-02-15 18:09:53,801 - INFO - MOVE: /music/Music/Artist-Album/De La Soul/3 Feet High And Rising/De La Soul - 3 Feet High And Rising - 03 - Change In Speak.mp3 -> /music/Library/De La Soul/3 Feet High And Rising/03 - Change In Speak.mp3
2026-02-15 18:09:53,803 - INFO - MOVE: /music/Music/Artist-Album/De La Soul/3 Feet High And Rising/De La Soul - 3 Feet High And Rising - 04 - Cool Breeze On The Rocks.mp3 -> /music/Library/De La Soul/3 Feet High And Rising/04 - Cool Breeze On The Rocks.mp3
2026-02-15 18:09:53,804 - INFO - MOVE: /music/Music/Artist-Album/De La Soul/3 Feet High And Rising/De La Soul - 3 Feet High And Rising - 05 - Can U Keep A Secret.mp3 -> /music/Library/De La Soul/3 Feet High And Rising/05 - Can U Keep A Secret.mp3
2026-02-15 18:09:53,806 - INFO - MOVE: /music/Music/Artist-Album/De La Soul/3 Feet High And Rising/De La Soul - 3 Feet High And Rising - 06 - Jenifa Taught Me (Derwin's Revenge).mp3 -> /music/Library/De La Soul/3 Feet High And Rising/06 - Jenifa Taught Me (Derwin's Revenge).mp3
2026-02-15 18:09:53,807 - INFO - MOVE: /music/Music/Artist-Album/De La Soul/3 Feet High And Rising/De La Soul - 3 Feet High And Rising - 07 - Ghetto Thang.mp3 -> /music/Library/De La Soul/3 Feet High And Rising/07 - Ghetto Thang.mp3
2026-02-15 18:09:53,809 - INFO - MOVE: /music/Music/Artist-Album/De La Soul/3 Feet High And Rising/De La Soul - 3 Feet High And Rising - 08 - Transmitting Live From Mars.mp3 -> /music/Library/De La Soul/3 Feet High And Rising/08 - Transmitting Live From Mars.mp3
2026-02-15 18:09:53,810 - INFO - MOVE: /music/Music/Artist-Album/De La Soul/3 Feet High And Rising/De La Soul - 3 Feet High And Rising - 09 - Eye Know.mp3 -> /music/Library/De La Soul/3 Feet High And Rising/09 - Eye Know.mp3
2026-02-15 18:09:53,811 - INFO - MOVE: /music/Music/Artist-Album/De La Soul/3 Feet High And Rising/De La Soul - 3 Feet High And Rising - 10 - Take It Off.mp3 -> /music/Library/De La Soul/3 Feet High And Rising/10 - Take It Off.mp3
2026-02-15 18:09:53,813 - INFO - MOVE: /music/Music/Artist-Album/De La Soul/3 Feet High And Rising/De La Soul - 3 Feet High And Rising - 11 - A Little Bit Of Soap.mp3 -> /music/Library/De La Soul/3 Feet High And Rising/11 - A Little Bit Of Soap.mp3
2026-02-15 18:09:53,813 - WARNING - SKIP: Missing metadata for /music/Music/Artist-Album/De La Soul/3 Feet High And Rising/De La Soul - 3 Feet High And Rising - 12 - Tread Water.mp3
2026-02-15 18:09:53,813 - WARNING - SKIP: Missing metadata for /music/Music/Artist-Album/De La Soul/3 Feet High And Rising/De La Soul - 3 Feet High And Rising - 13 - Potholes In My Lawn.mp3
2026-02-15 18:09:53,813 - WARNING - SKIP: Missing metadata for /music/Music/Artist-Album/De La Soul/3 Feet High And Rising/De La Soul - 3 Feet High And Rising - 14 - Say No Go.mp3
2026-02-15 18:09:53,813 - WARNING - SKIP: Missing metadata for /music/Music/Artist-Album/De La Soul/3 Feet High And Rising/De La Soul - 3 Feet High And Rising - 15 - Do As De La Does.mp3
2026-02-15 18:09:53,813 - WARNING - SKIP: Missing metadata for /music/Music/Artist-Album/De La Soul/3 Feet High And Rising/De La Soul - 3 Feet High And Rising - 16 - Plug Tunin' (Last Chance To Comprehend).mp3
2026-02-15 18:09:53,813 - WARNING - SKIP: Missing metadata for /music/Music/Artist-Album/De La Soul/3 Feet High And Rising/De La Soul - 3 Feet High And Rising - 17 - De La Orgee.mp3
2026-02-15 18:09:53,814 - WARNING - SKIP: Missing metadata for /music/Music/Artist-Album/De La Soul/3 Feet High And Rising/De La Soul - 3 Feet High And Rising - 18 - Buddy (With Jungle Brothers & Q-Tip).mp3
2026-02-15 18:09:53,814 - WARNING - SKIP: Missing metadata for /music/Music/Artist-Album/De La Soul/3 Feet High And Rising/De La Soul - 3 Feet High And Rising - 19 - Description.mp3
2026-02-15 18:09:53,814 - WARNING - SKIP: Missing metadata for /music/Music/Artist-Album/De La Soul/3 Feet High And Rising/De La Soul - 3 Feet High And Rising - 20 - Me Myself And I.mp3
2026-02-15 18:09:53,814 - WARNING - SKIP: Missing metadata for /music/Music/Artist-Album/De La Soul/3 Feet High And Rising/De La Soul - 3 Feet High And Rising - 21 - This Is A Recording 4 Living In A Fulltime Era (L.I.F.E.).mp3
2026-02-15 18:09:53,814 - WARNING - SKIP: Missing metadata for /music/Music/Artist-Album/De La Soul/3 Feet High And Rising/De La Soul - 3 Feet High And Rising - 22 - I Can Do Anything (Delacratic).mp3
2026-02-15 18:09:53,814 - WARNING - SKIP: Missing metadata for /music/Music/Artist-Album/De La Soul/3 Feet High And Rising/De La Soul - 3 Feet High And Rising - 23 - D.A.I.S.Y. Age.mp3
2026-02-15 18:09:53,814 - WARNING - SKIP: Missing metadata for /music/Music/Artist-Album/De La Soul/3 Feet High And Rising/De La Soul - 3 Feet High And Rising - 24 - Plug Tunin' (Original 12 Version).mp3
2026-02-15 18:10:41,654 - INFO - MOVE: /music/Music/Artist-Album/Disturbed Discography/Asylum/01 Remnants.mp3 -> /music/Library/Disturbed/Asylum/1 - Remnants.mp3
2026-02-15 18:10:41,655 - INFO - MOVE: /music/Music/Artist-Album/Disturbed Discography/Asylum/02 Asylum.mp3 -> /music/Library/Disturbed/Asylum/2 - Asylum.mp3
2026-02-15 18:10:41,657 - INFO - MOVE: /music/Music/Artist-Album/Disturbed Discography/Asylum/03 The Infection.mp3 -> /music/Library/Disturbed/Asylum/3 - The Infection.mp3
2026-02-15 18:10:41,658 - INFO - MOVE: /music/Music/Artist-Album/Disturbed Discography/Asylum/04 Warrior.mp3 -> /music/Library/Disturbed/Asylum/4 - Warrior.mp3
2026-02-15 18:10:41,659 - INFO - MOVE: /music/Music/Artist-Album/Disturbed Discography/Asylum/05 Another Way To Die.mp3 -> /music/Library/Disturbed/Asylum/5 - Another Way To Die.mp3
2026-02-15 18:10:41,660 - INFO - MOVE: /music/Music/Artist-Album/Disturbed Discography/Asylum/06 Never Again.mp3 -> /music/Library/Disturbed/Asylum/6 - Never Again.mp3
2026-02-15 18:10:41,660 - INFO - MOVE: /music/Music/Artist-Album/Disturbed Discography/Asylum/07 The Animal.mp3 -> /music/Library/Disturbed/Asylum/7 - The Animal.mp3
2026-02-15 18:10:41,661 - INFO - MOVE: /music/Music/Artist-Album/Disturbed Discography/Asylum/08 Crucified.mp3 -> /music/Library/Disturbed/Asylum/8 - Crucified.mp3
2026-02-15 18:10:41,662 - INFO - MOVE: /music/Music/Artist-Album/Disturbed Discography/Asylum/09 Serpentine.mp3 -> /music/Library/Disturbed/Asylum/9 - Serpentine.mp3
2026-02-15 18:10:41,662 - INFO - MOVE: /music/Music/Artist-Album/Disturbed Discography/Asylum/10 My Child.mp3 -> /music/Library/Disturbed/Asylum/10 - My Child.mp3
2026-02-15 18:10:41,663 - INFO - MOVE: /music/Music/Artist-Album/Disturbed Discography/Asylum/11 Sacrifice.mp3 -> /music/Library/Disturbed/Asylum/11 - Sacrifice.mp3
2026-02-15 18:10:41,663 - INFO - MOVE: /music/Music/Artist-Album/Disturbed Discography/Asylum/12 Innocence.mp3 -> /music/Library/Disturbed/Asylum/12 - Innocence.mp3
2026-02-15 18:10:41,664 - INFO - MOVE: /music/Music/Artist-Album/Disturbed Discography/Asylum/13 Down With The Sickness (Live).mp3 -> /music/Library/Disturbed/Asylum/13 - Down With The Sickness (Live).mp3
2026-02-15 18:10:41,665 - INFO - MOVE: /music/Music/Artist-Album/Disturbed Discography/Asylum/14 Stricken (Live).mp3 -> /music/Library/Disturbed/Asylum/14 - Stricken (Live).mp3
2026-02-15 18:10:41,665 - INFO - MOVE: /music/Music/Artist-Album/Disturbed Discography/Asylum/15 Bonus.mp3 -> /music/Library/Disturbed/Asylum/15 - Bonus.mp3
2026-02-15 18:10:56,870 - INFO - MOVE: /music/Music/Artist-Album/Disturbed Discography/Believe/Awaken.mp3 -> /music/Library/Disturbed/Believe/03 - Awaken.mp3
2026-02-15 18:10:56,873 - INFO - MOVE: /music/Music/Artist-Album/Disturbed Discography/Believe/Believe.mp3 -> /music/Library/Disturbed/Believe/04 - Believe.mp3
2026-02-15 18:10:56,876 - INFO - MOVE: /music/Music/Artist-Album/Disturbed Discography/Believe/Bound.mp3 -> /music/Library/Disturbed/Believe/10 - Bound.mp3
2026-02-15 18:10:56,878 - INFO - MOVE: /music/Music/Artist-Album/Disturbed Discography/Believe/Breathe.mp3 -> /music/Library/Disturbed/Believe/09 - Breathe.mp3
2026-02-15 18:10:56,880 - INFO - MOVE: /music/Music/Artist-Album/Disturbed Discography/Believe/Darkness.mp3 -> /music/Library/Disturbed/Believe/12 - Darkness.mp3
2026-02-15 18:10:56,881 - INFO - MOVE: /music/Music/Artist-Album/Disturbed Discography/Believe/Devour.mp3 -> /music/Library/Disturbed/Believe/11 - Devour.mp3
2026-02-15 18:10:56,883 - INFO - MOVE: /music/Music/Artist-Album/Disturbed Discography/Believe/Intoxication.mp3 -> /music/Library/Disturbed/Believe/06 - Intoxication.mp3
2026-02-15 18:10:56,884 - INFO - MOVE: /music/Music/Artist-Album/Disturbed Discography/Believe/Liberate.mp3 -> /music/Library/Disturbed/Believe/02 - Liberate.mp3
2026-02-15 18:10:56,886 - INFO - MOVE: /music/Music/Artist-Album/Disturbed Discography/Believe/Mistress.mp3 -> /music/Library/Disturbed/Believe/08 - Mistress.mp3
2026-02-15 18:10:56,887 - INFO - MOVE: /music/Music/Artist-Album/Disturbed Discography/Believe/Prayer.mp3 -> /music/Library/Disturbed/Believe/01 - Prayer.mp3
2026-02-15 18:10:56,889 - INFO - MOVE: /music/Music/Artist-Album/Disturbed Discography/Believe/Remember.mp3 -> /music/Library/Disturbed/Believe/05 - Remember.mp3
2026-02-15 18:10:56,890 - INFO - MOVE: /music/Music/Artist-Album/Disturbed Discography/Believe/Rise.mp3 -> /music/Library/Disturbed/Believe/07 - Rise.mp3
2026-02-15 18:11:13,103 - INFO - MOVE: /music/Music/Artist-Album/Disturbed Discography/Indestructible/01 Indestructible.mp3 -> /music/Library/Disturbed/Indestructible/1 - Indestructible.mp3
2026-02-15 18:11:13,104 - INFO - MOVE: /music/Music/Artist-Album/Disturbed Discography/Indestructible/02 Inside The Fire.mp3 -> /music/Library/Disturbed/Indestructible/2 - Inside The Fire.mp3
2026-02-15 18:11:13,105 - INFO - MOVE: /music/Music/Artist-Album/Disturbed Discography/Indestructible/03 Deceiver.mp3 -> /music/Library/Disturbed/Indestructible/3 - Deceiver.mp3
2026-02-15 18:11:13,106 - INFO - MOVE: /music/Music/Artist-Album/Disturbed Discography/Indestructible/04 The Night.mp3 -> /music/Library/Disturbed/Indestructible/4 - The Night.mp3
2026-02-15 18:11:13,107 - INFO - MOVE: /music/Music/Artist-Album/Disturbed Discography/Indestructible/05 Perfect Insanity.mp3 -> /music/Library/Disturbed/Indestructible/5 - Perfect Insanity.mp3
2026-02-15 18:11:13,108 - INFO - MOVE: /music/Music/Artist-Album/Disturbed Discography/Indestructible/06 Haunted.mp3 -> /music/Library/Disturbed/Indestructible/6 - Haunted.mp3
2026-02-15 18:11:13,109 - INFO - MOVE: /music/Music/Artist-Album/Disturbed Discography/Indestructible/07 Enough.mp3 -> /music/Library/Disturbed/Indestructible/7 - Enough.mp3
2026-02-15 18:11:13,112 - INFO - MOVE: /music/Music/Artist-Album/Disturbed Discography/Indestructible/08 The Curse.mp3 -> /music/Library/Disturbed/Indestructible/8 - The Curse.mp3
2026-02-15 18:11:13,114 - INFO - MOVE: /music/Music/Artist-Album/Disturbed Discography/Indestructible/09 Torn.mp3 -> /music/Library/Disturbed/Indestructible/9 - Torn.mp3
2026-02-15 18:11:13,115 - INFO - MOVE: /music/Music/Artist-Album/Disturbed Discography/Indestructible/10 Criminal.mp3 -> /music/Library/Disturbed/Indestructible/10 - Criminal.mp3
2026-02-15 18:11:13,116 - INFO - MOVE: /music/Music/Artist-Album/Disturbed Discography/Indestructible/11 Divide.mp3 -> /music/Library/Disturbed/Indestructible/11 - Divide.mp3
2026-02-15 18:11:13,349 - INFO - MOVE: /music/Music/Artist-Album/Disturbed Discography/Indestructible/12 Façade.mp3 -> /music/Library/Disturbed/Indestructible/12 - Façade.mp3
